# -----------------------------------------------------------
# wget
# curl
# git
# npm
# tar
# unzip
# cmake
# ninja
# make
# nvm
# -----------------------------------------------------------
# glow                    # build-in markdown preview
# yazi                    # build-in file manager
# bat                     # better cat
# ripgrep                 # better grep
# eza                     # better ls
# zoxide                  # better cd
# fzf                     # a command-line fuzzy finder
# fd
# jq
# tmux
# -----------------------------------------------------------
#
# glow                    # glow.nvim needs
# yazi                    # yazi.nvim needs
# lazydocker              # lazydocker.nvim needs
# lazygit                 # lazygit.nvim needs
# git-delta               # lazygit.nvim needs
# fzf                     # mostly needs
# ripgrep                 # mostly needs
